This is pdfTeX, Version 3.1415926-2.5-1.40.14 (MiKTeX 2.9 64-bit) (preloaded format=pdflatex 2015.5.4)  11 NOV 2016 14:28
entering extended mode
**generateTexture.pdf_tex
(C:\Plots\TextureArticle\GLCM\generateTexture.pdf_tex
LaTeX2e <2011/06/27>
Babel <v3.8m> and hyphenation patterns for english, afrikaans, ancientgreek, ar
abic, armenian, assamese, basque, bengali, bokmal, bulgarian, catalan, coptic, 
croatian, czech, danish, dutch, esperanto, estonian, farsi, finnish, french, ga
lician, german, german-x-2013-05-26, greek, gujarati, hindi, hungarian, iceland
ic, indonesian, interlingua, irish, italian, kannada, kurmanji, latin, latvian,
 lithuanian, malayalam, marathi, mongolian, mongolianlmc, monogreek, ngerman, n
german-x-2013-05-26, nynorsk, oriya, panjabi, pinyin, polish, portuguese, roman
ian, russian, sanskrit, serbian, slovak, slovenian, spanish, swedish, swissgerm
an, tamil, telugu, turkish, turkmen, ukenglish, ukrainian, uppersorbian, usengl
ishmax, welsh, loaded.
! Undefined control sequence.
<argument> \includegraphics 
                            [width=\unitlength ,page=1]{generateTexture.pdf}
l.52 ...=\unitlength,page=1]{generateTexture.pdf}}
                                                  %
? 
! Emergency stop.
<argument> \includegraphics 
                            [width=\unitlength ,page=1]{generateTexture.pdf}
l.52 ...=\unitlength,page=1]{generateTexture.pdf}}
                                                  %
End of file on the terminal!

 
Here is how much of TeX's memory you used:
 16 strings out of 493921
 301 string characters out of 3147280
 49031 words of memory out of 3000000
 3408 multiletter control sequences out of 15000+200000
 3640 words of font info for 14 fonts, out of 3000000 for 9000
 841 hyphenation exceptions out of 8191
 8i,2n,6p,161b,57s stack positions out of 5000i,500n,10000p,200000b,50000s
!  ==> Fatal error occurred, no output PDF file produced!
