This is pdfTeX, Version 3.14159265-2.6-1.40.19 (MiKTeX 2.9.6630 64-bit) (preloaded format=pdflatex 2018.9.7)  7 SEP 2018 13:09
entering extended mode
**./standaloneCorrectedNew.tex
(standaloneCorrectedNew.tex
LaTeX2e <2017-04-15>
Babel <3.18> and hyphenation patterns for 75 language(s) loaded.
("C:\Program Files\MiKTeX 2.9\tex\latex\base\article.cls"
Document Class: article 2014/09/29 v1.4h Standard LaTeX document class
("C:\Program Files\MiKTeX 2.9\tex\latex\base\size10.clo"
File: size10.clo 2014/09/29 v1.4h Standard LaTeX file (size option)
)
\c@part=\count79
\c@section=\count80
\c@subsection=\count81
\c@subsubsection=\count82
\c@paragraph=\count83
\c@subparagraph=\count84
\c@figure=\count85
\c@table=\count86
\abovecaptionskip=\skip41
\belowcaptionskip=\skip42
\bibindent=\dimen102
)
("C:\Program Files\MiKTeX 2.9\tex\latex\amsmath\amsmath.sty"
Package: amsmath 2017/09/02 v2.17a AMS math features
\@mathmargin=\skip43

For additional information on amsmath, use the `?' option.
("C:\Program Files\MiKTeX 2.9\tex\latex\amsmath\amstext.sty"
Package: amstext 2000/06/29 v2.01 AMS text

("C:\Program Files\MiKTeX 2.9\tex\latex\amsmath\amsgen.sty"
File: amsgen.sty 1999/11/30 v2.0 generic functions
\@emptytoks=\toks14
\ex@=\dimen103
))
("C:\Program Files\MiKTeX 2.9\tex\latex\amsmath\amsbsy.sty"
Package: amsbsy 1999/11/29 v1.2d Bold Symbols
\pmbraise@=\dimen104
)
("C:\Program Files\MiKTeX 2.9\tex\latex\amsmath\amsopn.sty"
Package: amsopn 2016/03/08 v2.02 operator names
)
\inf@bad=\count87
LaTeX Info: Redefining \frac on input line 213.
\uproot@=\count88
\leftroot@=\count89
LaTeX Info: Redefining \overline on input line 375.
\classnum@=\count90
\DOTSCASE@=\count91
LaTeX Info: Redefining \ldots on input line 472.
LaTeX Info: Redefining \dots on input line 475.
LaTeX Info: Redefining \cdots on input line 596.
\Mathstrutbox@=\box26
\strutbox@=\box27
\big@size=\dimen105
LaTeX Font Info:    Redeclaring font encoding OML on input line 712.
LaTeX Font Info:    Redeclaring font encoding OMS on input line 713.
\macc@depth=\count92
\c@MaxMatrixCols=\count93
\dotsspace@=\muskip10
\c@parentequation=\count94
\dspbrk@lvl=\count95
\tag@help=\toks15
\row@=\count96
\column@=\count97
\maxfields@=\count98
\andhelp@=\toks16
\eqnshift@=\dimen106
\alignsep@=\dimen107
\tagshift@=\dimen108
\tagwidth@=\dimen109
\totwidth@=\dimen110
\lineht@=\dimen111
\@envbody=\toks17
\multlinegap=\skip44
\multlinetaggap=\skip45
\mathdisplay@stack=\toks18
LaTeX Info: Redefining \[ on input line 2817.
LaTeX Info: Redefining \] on input line 2818.
)
("C:\Program Files\MiKTeX 2.9\tex\latex\graphics\graphicx.sty"
Package: graphicx 2017/06/01 v1.1a Enhanced LaTeX Graphics (DPC,SPQR)

("C:\Program Files\MiKTeX 2.9\tex\latex\graphics\keyval.sty"
Package: keyval 2014/10/28 v1.15 key=value parser (DPC)
\KV@toks@=\toks19
)
("C:\Program Files\MiKTeX 2.9\tex\latex\graphics\graphics.sty"
Package: graphics 2017/06/25 v1.2c Standard LaTeX Graphics (DPC,SPQR)

("C:\Program Files\MiKTeX 2.9\tex\latex\graphics\trig.sty"
Package: trig 2016/01/03 v1.10 sin cos tan (DPC)
)
("C:\Program Files\MiKTeX 2.9\tex\latex\graphics-cfg\graphics.cfg"
File: graphics.cfg 2016/06/04 v1.11 sample graphics configuration
)
Package graphics Info: Driver file: pdftex.def on input line 99.

("C:\Program Files\MiKTeX 2.9\tex\latex\graphics-def\pdftex.def"
File: pdftex.def 2018/01/08 v1.0l Graphics/color driver for pdftex
))
\Gin@req@height=\dimen112
\Gin@req@width=\dimen113
)
("C:\Program Files\MiKTeX 2.9\tex\latex\graphics\color.sty"
Package: color 2016/07/10 v1.1e Standard LaTeX Color (DPC)

("C:\Program Files\MiKTeX 2.9\tex\latex\graphics-cfg\color.cfg"
File: color.cfg 2016/01/02 v1.6 sample color configuration
)
Package color Info: Driver file: pdftex.def on input line 147.
)
(C:\Users\pabr03\AppData\Roaming\MiKTeX\2.9\tex\latex\preview\preview.sty
Package: preview 2017/04/24 11.91 (AUCTeX/preview-latex)

(C:\Users\pabr03\AppData\Roaming\MiKTeX\2.9\tex\generic\luatex85\luatex85.sty
Package: luatex85 2016/06/15 v1.4 pdftex aliases for luatex
)
(C:\Users\pabr03\AppData\Roaming\MiKTeX\2.9\tex\latex\preview\prtightpage.def
\PreviewBorder=\dimen114
)
\pr@snippet=\count99
\pr@box=\box28
\pr@output=\toks20
) (standaloneCorrectedNew.aux)
\openout1 = `standaloneCorrectedNew.aux'.

LaTeX Font Info:    Checking defaults for OML/cmm/m/it on input line 13.
LaTeX Font Info:    ... okay on input line 13.
LaTeX Font Info:    Checking defaults for T1/cmr/m/n on input line 13.
LaTeX Font Info:    ... okay on input line 13.
LaTeX Font Info:    Checking defaults for OT1/cmr/m/n on input line 13.
LaTeX Font Info:    ... okay on input line 13.
LaTeX Font Info:    Checking defaults for OMS/cmsy/m/n on input line 13.
LaTeX Font Info:    ... okay on input line 13.
LaTeX Font Info:    Checking defaults for OMX/cmex/m/n on input line 13.
LaTeX Font Info:    ... okay on input line 13.
LaTeX Font Info:    Checking defaults for U/cmr/m/n on input line 13.
LaTeX Font Info:    ... okay on input line 13.

(C:\Users\pabr03\AppData\Roaming\MiKTeX\2.9\tex\context\base\supp-pdf.mkii
[Loading MPS to PDF converter (version 2006.09.02).]
\scratchcounter=\count100
\scratchdimen=\dimen115
\scratchbox=\box29
\nofMPsegments=\count101
\nofMParguments=\count102
\everyMPshowfont=\toks21
\MPscratchCnt=\count103
\MPscratchDim=\dimen116
\MPnumerator=\count104
\makeMPintoPDFobject=\count105
\everyMPtoPDFconversion=\toks22
) ("C:\Program Files\MiKTeX 2.9\tex\latex\oberdiek\epstopdf-base.sty"
Package: epstopdf-base 2016/05/15 v2.6 Base part for package epstopdf

("C:\Program Files\MiKTeX 2.9\tex\generic\oberdiek\infwarerr.sty"
Package: infwarerr 2016/05/16 v1.4 Providing info/warning/error messages (HO)
)
("C:\Program Files\MiKTeX 2.9\tex\latex\oberdiek\grfext.sty"
Package: grfext 2016/05/16 v1.2 Manage graphics extensions (HO)

("C:\Program Files\MiKTeX 2.9\tex\generic\oberdiek\kvdefinekeys.sty"
Package: kvdefinekeys 2016/05/16 v1.4 Define keys (HO)

("C:\Program Files\MiKTeX 2.9\tex\generic\oberdiek\ltxcmds.sty"
Package: ltxcmds 2016/05/16 v1.23 LaTeX kernel commands for general use (HO)
)))
("C:\Program Files\MiKTeX 2.9\tex\latex\oberdiek\kvoptions.sty"
Package: kvoptions 2016/05/16 v3.12 Key value format for package options (HO)

("C:\Program Files\MiKTeX 2.9\tex\generic\oberdiek\kvsetkeys.sty"
Package: kvsetkeys 2016/05/16 v1.17 Key value parser (HO)

("C:\Program Files\MiKTeX 2.9\tex\generic\oberdiek\etexcmds.sty"
Package: etexcmds 2016/05/16 v1.6 Avoid name clashes with e-TeX commands (HO)

("C:\Program Files\MiKTeX 2.9\tex\generic\oberdiek\ifluatex.sty"
Package: ifluatex 2016/05/16 v1.4 Provides the ifluatex switch (HO)
Package ifluatex Info: LuaTeX not detected.
)
Package etexcmds Info: Could not find \expanded.
(etexcmds)             That can mean that you are not using pdfTeX 1.50 or
(etexcmds)             that some package has redefined \expanded.
(etexcmds)             In the latter case, load this package earlier.
)))
("C:\Program Files\MiKTeX 2.9\tex\generic\oberdiek\pdftexcmds.sty"
Package: pdftexcmds 2018/01/21 v0.26 Utility functions of pdfTeX for LuaTeX (HO
)

("C:\Program Files\MiKTeX 2.9\tex\generic\oberdiek\ifpdf.sty"
Package: ifpdf 2017/03/15 v3.2 Provides the ifpdf switch
)
Package pdftexcmds Info: LuaTeX not detected.
Package pdftexcmds Info: \pdf@primitive is available.
Package pdftexcmds Info: \pdf@ifprimitive is available.
Package pdftexcmds Info: \pdfdraftmode found.
)
Package epstopdf-base Info: Redefining graphics rule for `.eps' on input line 4
38.
Package grfext Info: Graphics extension search list:
(grfext)             [.pdf,.png,.jpg,.mps,.jpeg,.jbig2,.jb2,.PDF,.PNG,.JPG,.JPE
G,.JBIG2,.JB2,.eps]
(grfext)             \AppendGraphicsExtensions on input line 456.
)
Preview: Fontsize 10pt
Preview: PDFoutput 1
(generateTextureCorrectedNew.pdf_tex
<generateTextureCorrectedNew.pdf, id=1, page=1, 449.81313pt x 164.75967pt>
File: generateTextureCorrectedNew.pdf Graphic file (type pdf)
<use generateTextureCorrectedNew.pdf, page 1>
Package pdftex.def Info: generateTextureCorrectedNew.pdf , page1 used on input 
line 56.
(pdftex.def)             Requested size: 449.81313pt x 164.7693pt.
Missing character: There is no Â in font cmr10!
Missing character: There is no   in font cmr10!
Missing character: There is no Â in font cmr10!
Missing character: There is no   in font cmr10!
<generateTextureCorrectedNew.pdf, id=2, page=2, 449.81313pt x 164.75967pt>
File: generateTextureCorrectedNew.pdf Graphic file (type pdf)
<use generateTextureCorrectedNew.pdf, page 2>
Package pdftex.def Info: generateTextureCorrectedNew.pdf , page2 used on input 
line 72.
(pdftex.def)             Requested size: 449.81313pt x 164.7693pt.
<generateTextureCorrectedNew.pdf, id=3, page=3, 449.81313pt x 164.75967pt>
File: generateTextureCorrectedNew.pdf Graphic file (type pdf)
<use generateTextureCorrectedNew.pdf, page 3>
Package pdftex.def Info: generateTextureCorrectedNew.pdf , page3 used on input 
line 75.
(pdftex.def)             Requested size: 449.81313pt x 164.7693pt.
<generateTextureCorrectedNew.pdf, id=4, page=4, 449.81313pt x 164.75967pt>
File: generateTextureCorrectedNew.pdf Graphic file (type pdf)
<use generateTextureCorrectedNew.pdf, page 4>
Package pdftex.def Info: generateTextureCorrectedNew.pdf , page4 used on input 
line 85.
(pdftex.def)             Requested size: 449.81313pt x 164.7693pt.
<generateTextureCorrectedNew.pdf, id=5, page=5, 449.81313pt x 164.75967pt>
File: generateTextureCorrectedNew.pdf Graphic file (type pdf)
<use generateTextureCorrectedNew.pdf, page 5>
Package pdftex.def Info: generateTextureCorrectedNew.pdf , page5 used on input 
line 87.
(pdftex.def)             Requested size: 449.81313pt x 164.7693pt.
<generateTextureCorrectedNew.pdf, id=6, page=6, 449.81313pt x 164.75967pt>
File: generateTextureCorrectedNew.pdf Graphic file (type pdf)
<use generateTextureCorrectedNew.pdf, page 6>
Package pdftex.def Info: generateTextureCorrectedNew.pdf , page6 used on input 
line 89.
(pdftex.def)             Requested size: 449.81313pt x 164.7693pt.
<generateTextureCorrectedNew.pdf, id=7, page=7, 449.81313pt x 164.75967pt>
File: generateTextureCorrectedNew.pdf Graphic file (type pdf)
<use generateTextureCorrectedNew.pdf, page 7>
Package pdftex.def Info: generateTextureCorrectedNew.pdf , page7 used on input 
line 93.
(pdftex.def)             Requested size: 449.81313pt x 164.7693pt.
Missing character: There is no Â in font cmr10!
Missing character: There is no   in font cmr10!
Missing character: There is no Â in font cmr10!
Missing character: There is no   in font cmr10!
Missing character: There is no Â in font cmr10!
Missing character: There is no   in font cmr10!
Missing character: There is no Â in font cmr9!
Missing character: There is no   in font cmr9!
Missing character: There is no Â in font cmr10!
Missing character: There is no   in font cmr10!
Missing character: There is no Â in font cmr9!
Missing character: There is no   in font cmr9!
Missing character: There is no Â in font cmr9!
Missing character: There is no   in font cmr9!
<generateTextureCorrectedNew.pdf, id=8, page=8, 449.81313pt x 164.75967pt>
File: generateTextureCorrectedNew.pdf Graphic file (type pdf)
<use generateTextureCorrectedNew.pdf, page 8>
Package pdftex.def Info: generateTextureCorrectedNew.pdf , page8 used on input 
line 116.
(pdftex.def)             Requested size: 449.81313pt x 164.7693pt.
<generateTextureCorrectedNew.pdf, id=9, page=9, 449.81313pt x 164.75967pt>
File: generateTextureCorrectedNew.pdf Graphic file (type pdf)
<use generateTextureCorrectedNew.pdf, page 9>
Package pdftex.def Info: generateTextureCorrectedNew.pdf , page9 used on input 
line 120.
(pdftex.def)             Requested size: 449.81313pt x 164.7693pt.
Missing character: There is no Â in font cmr9!
Missing character: There is no   in font cmr9!
)
Overfull \hbox (104.81313pt too wide) in paragraph at lines 125--17
[][] 
 []

Preview: Tightpage -32891 -32891 32891 32891
[1{C:/Users/pabr03/AppData/Local/MiKTeX/2.9/pdftex/config/pdftex.map} <./genera
teTextureCorrectedNew.pdf> <./generateTextureCorrectedNew.pdf

pdfTeX warning: pdflatex (file ./generateTextureCorrectedNew.pdf): PDF inclusio
n: multiple pdfs with page group included in a single page
> <./generateTextureCorrectedNew.pdf

pdfTeX warning: pdflatex (file ./generateTextureCorrectedNew.pdf): PDF inclusio
n: multiple pdfs with page group included in a single page
> <./generateTextureCorrectedNew.pdf

pdfTeX warning: pdflatex (file ./generateTextureCorrectedNew.pdf): PDF inclusio
n: multiple pdfs with page group included in a single page
> <./generateTextureCorrectedNew.pdf

pdfTeX warning: pdflatex (file ./generateTextureCorrectedNew.pdf): PDF inclusio
n: multiple pdfs with page group included in a single page
> <./generateTextureCorrectedNew.pdf

pdfTeX warning: pdflatex (file ./generateTextureCorrectedNew.pdf): PDF inclusio
n: multiple pdfs with page group included in a single page
> <./generateTextureCorrectedNew.pdf

pdfTeX warning: pdflatex (file ./generateTextureCorrectedNew.pdf): PDF inclusio
n: multiple pdfs with page group included in a single page
> <./generateTextureCorrectedNew.pdf

pdfTeX warning: pdflatex (file ./generateTextureCorrectedNew.pdf): PDF inclusio
n: multiple pdfs with page group included in a single page
> <./generateTextureCorrectedNew.pdf

pdfTeX warning: pdflatex (file ./generateTextureCorrectedNew.pdf): PDF inclusio
n: multiple pdfs with page group included in a single page
>] (standaloneCorrectedNew.aux) ) 
Here is how much of TeX's memory you used:
 2256 strings out of 493305
 31621 string characters out of 3138872
 96722 words of memory out of 3000000
 5783 multiletter control sequences out of 15000+200000
 6985 words of font info for 26 fonts, out of 3000000 for 9000
 1141 hyphenation exceptions out of 8191
 41i,13n,25p,308b,398s stack positions out of 5000i,500n,10000p,200000b,50000s
<C:/Program Files/MiKTeX 2.9/fonts/type1/publi
c/amsfonts/cm/cmbx9.pfb><C:/Program Files/MiKTeX 2.9/fonts/type1/public/amsfont
s/cmextra/cmex9.pfb><C:/Program Files/MiKTeX 2.9/fonts/type1/public/amsfonts/cm
/cmmi6.pfb><C:/Program Files/MiKTeX 2.9/fonts/type1/public/amsfonts/cm/cmmi9.pf
b><C:/Program Files/MiKTeX 2.9/fonts/type1/public/amsfonts/cm/cmr10.pfb><C:/Pro
gram Files/MiKTeX 2.9/fonts/type1/public/amsfonts/cm/cmr6.pfb><C:/Program Files
/MiKTeX 2.9/fonts/type1/public/amsfonts/cm/cmr7.pfb><C:/Program Files/MiKTeX 2.
9/fonts/type1/public/amsfonts/cm/cmr9.pfb><C:/Program Files/MiKTeX 2.9/fonts/ty
pe1/public/amsfonts/cm/cmsy9.pfb>
Output written on standaloneCorrectedNew.pdf (1 page, 95095 bytes).
PDF statistics:
 55 PDF objects out of 1000 (max. 8388607)
 0 named destinations out of 1000 (max. 500000)
 46 words of extra memory for PDF output out of 10000 (max. 10000000)

