This is pdfTeX, Version 3.1415926-2.5-1.40.14 (MiKTeX 2.9 64-bit) (preloaded format=pdflatex 2015.5.4)  4 JUL 2016 15:54
entering extended mode
**standalone.tex
(C:\Plots\TextureArticle\GLCM\standalone.tex
LaTeX2e <2011/06/27>
Babel <v3.8m> and hyphenation patterns for english, afrikaans, ancientgreek, ar
abic, armenian, assamese, basque, bengali, bokmal, bulgarian, catalan, coptic, 
croatian, czech, danish, dutch, esperanto, estonian, farsi, finnish, french, ga
lician, german, german-x-2013-05-26, greek, gujarati, hindi, hungarian, iceland
ic, indonesian, interlingua, irish, italian, kannada, kurmanji, latin, latvian,
 lithuanian, malayalam, marathi, mongolian, mongolianlmc, monogreek, ngerman, n
german-x-2013-05-26, nynorsk, oriya, panjabi, pinyin, polish, portuguese, roman
ian, russian, sanskrit, serbian, slovak, slovenian, spanish, swedish, swissgerm
an, tamil, telugu, turkish, turkmen, ukenglish, ukrainian, uppersorbian, usengl
ishmax, welsh, loaded.
("C:\Program Files\MiKTeX 2.9\tex\latex\base\article.cls"
Document Class: article 2007/10/19 v1.4h Standard LaTeX document class
("C:\Program Files\MiKTeX 2.9\tex\latex\base\size10.clo"
File: size10.clo 2007/10/19 v1.4h Standard LaTeX file (size option)
)
\c@part=\count79
\c@section=\count80
\c@subsection=\count81
\c@subsubsection=\count82
\c@paragraph=\count83
\c@subparagraph=\count84
\c@figure=\count85
\c@table=\count86
\abovecaptionskip=\skip41
\belowcaptionskip=\skip42
\bibindent=\dimen102
)
("C:\Program Files\MiKTeX 2.9\tex\latex\amsmath\amsmath.sty"
Package: amsmath 2013/01/14 v2.14 AMS math features
\@mathmargin=\skip43

For additional information on amsmath, use the `?' option.
("C:\Program Files\MiKTeX 2.9\tex\latex\amsmath\amstext.sty"
Package: amstext 2000/06/29 v2.01

("C:\Program Files\MiKTeX 2.9\tex\latex\amsmath\amsgen.sty"
File: amsgen.sty 1999/11/30 v2.0
\@emptytoks=\toks14
\ex@=\dimen103
))
("C:\Program Files\MiKTeX 2.9\tex\latex\amsmath\amsbsy.sty"
Package: amsbsy 1999/11/29 v1.2d
\pmbraise@=\dimen104
)
("C:\Program Files\MiKTeX 2.9\tex\latex\amsmath\amsopn.sty"
Package: amsopn 1999/12/14 v2.01 operator names
)
\inf@bad=\count87
LaTeX Info: Redefining \frac on input line 210.
\uproot@=\count88
\leftroot@=\count89
LaTeX Info: Redefining \overline on input line 306.
\classnum@=\count90
\DOTSCASE@=\count91
LaTeX Info: Redefining \ldots on input line 378.
LaTeX Info: Redefining \dots on input line 381.
LaTeX Info: Redefining \cdots on input line 466.
\Mathstrutbox@=\box26
\strutbox@=\box27
\big@size=\dimen105
LaTeX Font Info:    Redeclaring font encoding OML on input line 566.
LaTeX Font Info:    Redeclaring font encoding OMS on input line 567.
\macc@depth=\count92
\c@MaxMatrixCols=\count93
\dotsspace@=\muskip10
\c@parentequation=\count94
\dspbrk@lvl=\count95
\tag@help=\toks15
\row@=\count96
\column@=\count97
\maxfields@=\count98
\andhelp@=\toks16
\eqnshift@=\dimen106
\alignsep@=\dimen107
\tagshift@=\dimen108
\tagwidth@=\dimen109
\totwidth@=\dimen110
\lineht@=\dimen111
\@envbody=\toks17
\multlinegap=\skip44
\multlinetaggap=\skip45
\mathdisplay@stack=\toks18
LaTeX Info: Redefining \[ on input line 2665.
LaTeX Info: Redefining \] on input line 2666.
)
("C:\Program Files\MiKTeX 2.9\tex\latex\graphics\graphicx.sty"
Package: graphicx 1999/02/16 v1.0f Enhanced LaTeX Graphics (DPC,SPQR)

("C:\Program Files\MiKTeX 2.9\tex\latex\graphics\keyval.sty"
Package: keyval 1999/03/16 v1.13 key=value parser (DPC)
\KV@toks@=\toks19
)
("C:\Program Files\MiKTeX 2.9\tex\latex\graphics\graphics.sty"
Package: graphics 2009/02/05 v1.0o Standard LaTeX Graphics (DPC,SPQR)

("C:\Program Files\MiKTeX 2.9\tex\latex\graphics\trig.sty"
Package: trig 1999/03/16 v1.09 sin cos tan (DPC)
)
("C:\Program Files\MiKTeX 2.9\tex\latex\00miktex\graphics.cfg"
File: graphics.cfg 2007/01/18 v1.5 graphics configuration of teTeX/TeXLive
)
Package graphics Info: Driver file: pdftex.def on input line 91.

("C:\Program Files\MiKTeX 2.9\tex\latex\pdftex-def\pdftex.def"
File: pdftex.def 2011/05/27 v0.06d Graphics/color for pdfTeX

("C:\Program Files\MiKTeX 2.9\tex\generic\oberdiek\infwarerr.sty"
Package: infwarerr 2010/04/08 v1.3 Providing info/warning/error messages (HO)
)
("C:\Program Files\MiKTeX 2.9\tex\generic\oberdiek\ltxcmds.sty"
Package: ltxcmds 2011/11/09 v1.22 LaTeX kernel commands for general use (HO)
)
\Gread@gobject=\count99
))
\Gin@req@height=\dimen112
\Gin@req@width=\dimen113
)
("C:\Program Files\MiKTeX 2.9\tex\latex\graphics\color.sty"
Package: color 2005/11/14 v1.0j Standard LaTeX Color (DPC)

("C:\Program Files\MiKTeX 2.9\tex\latex\00miktex\color.cfg"
File: color.cfg 2007/01/18 v1.5 color configuration of teTeX/TeXLive
)
Package color Info: Driver file: pdftex.def on input line 130.
)
("C:\Program Files\MiKTeX 2.9\tex\latex\preview\preview.sty"
Package: preview 2010/02/14 11.89 (AUCTeX/preview-latex)

("C:\Program Files\MiKTeX 2.9\tex\latex\preview\prtightpage.def"
\PreviewBorder=\dimen114
)
\pr@snippet=\count100
\pr@box=\box28
\pr@output=\toks20
)
(C:\Plots\TextureArticle\GLCM\standalone.aux)
LaTeX Font Info:    Checking defaults for OML/cmm/m/it on input line 13.
LaTeX Font Info:    ... okay on input line 13.
LaTeX Font Info:    Checking defaults for T1/cmr/m/n on input line 13.
LaTeX Font Info:    ... okay on input line 13.
LaTeX Font Info:    Checking defaults for OT1/cmr/m/n on input line 13.
LaTeX Font Info:    ... okay on input line 13.
LaTeX Font Info:    Checking defaults for OMS/cmsy/m/n on input line 13.
LaTeX Font Info:    ... okay on input line 13.
LaTeX Font Info:    Checking defaults for OMX/cmex/m/n on input line 13.
LaTeX Font Info:    ... okay on input line 13.
LaTeX Font Info:    Checking defaults for U/cmr/m/n on input line 13.
LaTeX Font Info:    ... okay on input line 13.

(C:\Users\pabr03\AppData\Roaming\MiKTeX\2.9\tex\context\base\supp-pdf.mkii
[Loading MPS to PDF converter (version 2006.09.02).]
\scratchcounter=\count101
\scratchdimen=\dimen115
\scratchbox=\box29
\nofMPsegments=\count102
\nofMParguments=\count103
\everyMPshowfont=\toks21
\MPscratchCnt=\count104
\MPscratchDim=\dimen116
\MPnumerator=\count105
\makeMPintoPDFobject=\count106
\everyMPtoPDFconversion=\toks22
)
Preview: Fontsize 10pt
Preview: PDFoutput 1
(C:\Plots\TextureArticle\GLCM\generateTexture.pdf_tex
<generateTexture.pdf, id=1, page=1, 449.81313pt x 164.75967pt>
File: generateTexture.pdf Graphic file (type pdf)

<use generateTexture.pdf, page 1>
Package pdftex.def Info: generateTexture.pdf, page1 used on input line 52.
(pdftex.def)             Requested size: 449.81313pt x 164.7693pt.

<generateTexture.pdf, id=2, page=2, 449.81313pt x 164.75967pt>
File: generateTexture.pdf Graphic file (type pdf)

<use generateTexture.pdf, page 2>
Package pdftex.def Info: generateTexture.pdf, page2 used on input line 68.
(pdftex.def)             Requested size: 449.81313pt x 164.7693pt.

<generateTexture.pdf, id=3, page=3, 449.81313pt x 164.75967pt>
File: generateTexture.pdf Graphic file (type pdf)

<use generateTexture.pdf, page 3>
Package pdftex.def Info: generateTexture.pdf, page3 used on input line 71.
(pdftex.def)             Requested size: 449.81313pt x 164.7693pt.

<generateTexture.pdf, id=4, page=4, 449.81313pt x 164.75967pt>
File: generateTexture.pdf Graphic file (type pdf)

<use generateTexture.pdf, page 4>
Package pdftex.def Info: generateTexture.pdf, page4 used on input line 81.
(pdftex.def)             Requested size: 449.81313pt x 164.7693pt.

<generateTexture.pdf, id=5, page=5, 449.81313pt x 164.75967pt>
File: generateTexture.pdf Graphic file (type pdf)

<use generateTexture.pdf, page 5>
Package pdftex.def Info: generateTexture.pdf, page5 used on input line 83.
(pdftex.def)             Requested size: 449.81313pt x 164.7693pt.

<generateTexture.pdf, id=6, page=6, 449.81313pt x 164.75967pt>
File: generateTexture.pdf Graphic file (type pdf)

<use generateTexture.pdf, page 6>
Package pdftex.def Info: generateTexture.pdf, page6 used on input line 85.
(pdftex.def)             Requested size: 449.81313pt x 164.7693pt.

<generateTexture.pdf, id=7, page=7, 449.81313pt x 164.75967pt>
File: generateTexture.pdf Graphic file (type pdf)

<use generateTexture.pdf, page 7>
Package pdftex.def Info: generateTexture.pdf, page7 used on input line 89.
(pdftex.def)             Requested size: 449.81313pt x 164.7693pt.

<generateTexture.pdf, id=8, page=8, 449.81313pt x 164.75967pt>
File: generateTexture.pdf Graphic file (type pdf)

<use generateTexture.pdf, page 8>
Package pdftex.def Info: generateTexture.pdf, page8 used on input line 112.
(pdftex.def)             Requested size: 449.81313pt x 164.7693pt.

<generateTexture.pdf, id=9, page=9, 449.81313pt x 164.75967pt>
File: generateTexture.pdf Graphic file (type pdf)

<use generateTexture.pdf, page 9>
Package pdftex.def Info: generateTexture.pdf, page9 used on input line 116.
(pdftex.def)             Requested size: 449.81313pt x 164.7693pt.
)
Overfull \hbox (104.81313pt too wide) in paragraph at lines 121--17
[][] 
 []

Preview: Tightpage -32891 -32891 32891 32891
[1{C:/Users/pabr03/AppData/Local/MiKTeX/2.9/pdftex/config/pdftex.map} <C:/Plots
/TextureArticle/GLCM/generateTexture.pdf> <C:/Plots/TextureArticle/GLCM/generat
eTexture.pdf

pdfTeX warning: pdflatex (file C:/Plots/TextureArticle/GLCM/generateTexture.pdf
): PDF inclusion: multiple pdfs with page group included in a single page
> <C:/Plots/TextureArticle/GLCM/generateTexture.pdf

pdfTeX warning: pdflatex (file C:/Plots/TextureArticle/GLCM/generateTexture.pdf
): PDF inclusion: multiple pdfs with page group included in a single page
> <C:/Plots/TextureArticle/GLCM/generateTexture.pdf

pdfTeX warning: pdflatex (file C:/Plots/TextureArticle/GLCM/generateTexture.pdf
): PDF inclusion: multiple pdfs with page group included in a single page
> <C:/Plots/TextureArticle/GLCM/generateTexture.pdf

pdfTeX warning: pdflatex (file C:/Plots/TextureArticle/GLCM/generateTexture.pdf
): PDF inclusion: multiple pdfs with page group included in a single page
> <C:/Plots/TextureArticle/GLCM/generateTexture.pdf

pdfTeX warning: pdflatex (file C:/Plots/TextureArticle/GLCM/generateTexture.pdf
): PDF inclusion: multiple pdfs with page group included in a single page
> <C:/Plots/TextureArticle/GLCM/generateTexture.pdf

pdfTeX warning: pdflatex (file C:/Plots/TextureArticle/GLCM/generateTexture.pdf
): PDF inclusion: multiple pdfs with page group included in a single page
> <C:/Plots/TextureArticle/GLCM/generateTexture.pdf

pdfTeX warning: pdflatex (file C:/Plots/TextureArticle/GLCM/generateTexture.pdf
): PDF inclusion: multiple pdfs with page group included in a single page
> <C:/Plots/TextureArticle/GLCM/generateTexture.pdf

pdfTeX warning: pdflatex (file C:/Plots/TextureArticle/GLCM/generateTexture.pdf
): PDF inclusion: multiple pdfs with page group included in a single page
>] (C:\Plots\TextureArticle\GLCM\standalone.aux) ) 
Here is how much of TeX's memory you used:
 1930 strings out of 493921
 24720 string characters out of 3147280
 84555 words of memory out of 3000000
 5234 multiletter control sequences out of 15000+200000
 6985 words of font info for 26 fonts, out of 3000000 for 9000
 841 hyphenation exceptions out of 8191
 27i,13n,25p,280b,374s stack positions out of 5000i,500n,10000p,200000b,50000s
<C:/Program Files/MiKTeX 2.9/
fonts/type1/public/amsfonts/cm/cmbx9.pfb><C:/Program Files/MiKTeX 2.9/fonts/typ
e1/public/amsfonts/cmextra/cmex9.pfb><C:/Program Files/MiKTeX 2.9/fonts/type1/p
ublic/amsfonts/cm/cmmi6.pfb><C:/Program Files/MiKTeX 2.9/fonts/type1/public/ams
fonts/cm/cmmi9.pfb><C:/Program Files/MiKTeX 2.9/fonts/type1/public/amsfonts/cm/
cmr10.pfb><C:/Program Files/MiKTeX 2.9/fonts/type1/public/amsfonts/cm/cmr6.pfb>
<C:/Program Files/MiKTeX 2.9/fonts/type1/public/amsfonts/cm/cmr7.pfb><C:/Progra
m Files/MiKTeX 2.9/fonts/type1/public/amsfonts/cm/cmr9.pfb><C:/Program Files/Mi
KTeX 2.9/fonts/type1/public/amsfonts/cm/cmsy9.pfb>
Output written on standalone.pdf (1 page, 95105 bytes).
PDF statistics:
 55 PDF objects out of 1000 (max. 8388607)
 0 named destinations out of 1000 (max. 500000)
 46 words of extra memory for PDF output out of 10000 (max. 10000000)

